2025-10-26 22:46:33,802 | INFO | Logging initialized. Log file: logs\typing_app.log
2025-10-26 22:46:37,112 | INFO | Ending test
2025-10-26 22:46:37,118 | DEBUG | WPM chart reset
2025-10-26 22:46:37,119 | DEBUG | Test state reset: index=0, wrong=0, wrong_streak=0
2025-10-26 22:46:37,119 | DEBUG | User input and key times cleared
2025-10-26 22:46:37,119 | INFO | Generating new text for next test
2025-10-26 22:46:37,121 | INFO | Test ready for user input
2025-10-26 22:46:38,408 | INFO | Ending test
2025-10-26 22:46:38,416 | DEBUG | WPM chart reset
2025-10-26 22:46:38,416 | DEBUG | Test state reset: index=0, wrong=0, wrong_streak=0
2025-10-26 22:46:38,416 | DEBUG | User input and key times cleared
2025-10-26 22:46:38,416 | INFO | Generating new text for next test
2025-10-26 22:46:38,451 | INFO | Test ready for user input
2025-10-26 22:46:39,857 | DEBUG | Key pressed: 'c', delta=0.0000, index=0
2025-10-26 22:46:39,858 | DEBUG | Typed correct letter 'c' at index=0
2025-10-26 22:46:39,859 | DEBUG | Test started at 1761515199.858500
2025-10-26 22:46:40,403 | DEBUG | Key pressed: 'l', delta=0.5457, index=1
2025-10-26 22:46:40,404 | DEBUG | Typed correct letter 'l' at index=1
2025-10-26 22:46:40,613 | DEBUG | Key pressed: 'i', delta=0.2101, index=2
2025-10-26 22:46:40,614 | DEBUG | Typed correct letter 'i' at index=2
2025-10-26 22:46:40,846 | DEBUG | Key pressed: 'c', delta=0.2326, index=3
2025-10-26 22:46:40,847 | DEBUG | Typed correct letter 'c' at index=3
2025-10-26 22:46:40,908 | DEBUG | Key pressed: 'k', delta=0.0617, index=4
2025-10-26 22:46:40,908 | DEBUG | Typed correct letter 'k' at index=4
2025-10-26 22:46:40,919 | INFO | Test finished automatically
2025-10-26 22:46:40,919 | INFO | Test finished
2025-10-26 22:46:40,920 | DEBUG | Elapsed time: 1.06 seconds
2025-10-26 22:46:40,920 | DEBUG | Num chars: 5, Num words: 1.00
2025-10-26 22:46:40,921 | DEBUG | Base WPM: 56.54, Accuracy: 100.00%
2025-10-26 22:46:40,921 | DEBUG | Final WPM (monkeytype style): 56.54
2025-10-26 22:46:40,921 | DEBUG | Errors: 0, Wrong streak: 0
2025-10-26 22:46:40,922 | DEBUG | User input length: 5, Key times length: 5
2025-10-26 22:46:45,698 | INFO | Test results saved to database
